androidngnstack/build/outputs/logs/manifest-merger-debug-report.txt
-- Merging decision tree log ---
manifest
ADDED from src/main/AndroidManifest.xml:2:1-46:12
INJECTED from src/main/AndroidManifest.xml:2:1-46:12
INJECTED from src/main/AndroidManifest.xml:2:1-46:12
INJECTED from src/main/AndroidManifest.xml:2:1-46:12
INJECTED from src/main/AndroidManifest.xml:2:1-46:12
INJECTED from src/main/AndroidManifest.xml:2:1-46:12
INJECTED from src/main/AndroidManifest.xml:2:1-46:12
	package
		ADDED from src/main/AndroidManifest.xml:3:5-31
		INJECTED from src/main/AndroidManifest.xml
		INJECTED from src/main/AndroidManifest.xml
	android:versionName
		ADDED from src/main/AndroidManifest.xml:5:5-29
		INJECTED from src/main/AndroidManifest.xml
		INJECTED from src/main/AndroidManifest.xml
	xmlns:android
		ADDED from src/main/AndroidManifest.xml:2:11-69
	android:versionCode
		ADDED from src/main/AndroidManifest.xml:4:5-28
		INJECTED from src/main/AndroidManifest.xml
		INJECTED from src/main/AndroidManifest.xml
application
ADDED from src/main/AndroidManifest.xml:6:5-11:19
	android:hardwareAccelerated
		ADDED from src/main/AndroidManifest.xml:8:9-43
	android:name
		ADDED from src/main/AndroidManifest.xml:7:9-38
service#org.doubango.ngn.NgnNativeService
ADDED from src/main/AndroidManifest.xml:9:9-52
	android:name
		ADDED from src/main/AndroidManifest.xml:9:18-49
uses-permission#android.permission.INTERNET
ADDED from src/main/AndroidManifest.xml:13:5-67
	android:name
		ADDED from src/main/AndroidManifest.xml:13:22-64
uses-permission#android.permission.ACCESS_WIFI_STATE
ADDED from src/main/AndroidManifest.xml:14:5-76
	android:name
		ADDED from src/main/AndroidManifest.xml:14:22-73
uses-permission#android.permission.ACCESS_NETWORK_STATE
ADDED from src/main/AndroidManifest.xml:15:5-79
	android:name
		ADDED from src/main/AndroidManifest.xml:15:22-76
uses-permission#android.permission.CHANGE_WIFI_STATE
ADDED from src/main/AndroidManifest.xml:16:5-76
	android:name
		ADDED from src/main/AndroidManifest.xml:16:22-73
uses-permission#android.permission.CHANGE_NETWORK_STATE
ADDED from src/main/AndroidManifest.xml:17:5-79
	android:name
		ADDED from src/main/AndroidManifest.xml:17:22-76
uses-permission#android.permission.WRITE_EXTERNAL_STORAGE
ADDED from src/main/AndroidManifest.xml:18:5-81
	android:name
		ADDED from src/main/AndroidManifest.xml:18:22-78
uses-permission#android.permission.CAMERA
ADDED from src/main/AndroidManifest.xml:19:5-65
	android:name
		ADDED from src/main/AndroidManifest.xml:19:22-62
uses-permission#android.permission.WAKE_LOCK
ADDED from src/main/AndroidManifest.xml:20:5-68
	android:name
		ADDED from src/main/AndroidManifest.xml:20:22-65
uses-permission#android.permission.RECORD_AUDIO
ADDED from src/main/AndroidManifest.xml:21:5-71
	android:name
		ADDED from src/main/AndroidManifest.xml:21:22-68
uses-permission#android.permission.MODIFY_AUDIO_SETTINGS
ADDED from src/main/AndroidManifest.xml:22:5-80
	android:name
		ADDED from src/main/AndroidManifest.xml:22:22-77
uses-permission#android.permission.VIBRATE
ADDED from src/main/AndroidManifest.xml:23:5-66
	android:name
		ADDED from src/main/AndroidManifest.xml:23:22-63
uses-permission#android.permission.RECEIVE_BOOT_COMPLETED
ADDED from src/main/AndroidManifest.xml:24:5-81
	android:name
		ADDED from src/main/AndroidManifest.xml:24:22-78
uses-permission#android.permission.WRITE_SETTINGS
ADDED from src/main/AndroidManifest.xml:26:5-73
	android:name
		ADDED from src/main/AndroidManifest.xml:26:22-70
uses-permission#android.permission.DISABLE_KEYGUARD
ADDED from src/main/AndroidManifest.xml:27:5-75
	android:name
		ADDED from src/main/AndroidManifest.xml:27:22-72
uses-permission#android.permission.READ_CONTACTS
ADDED from src/main/AndroidManifest.xml:28:5-72
	android:name
		ADDED from src/main/AndroidManifest.xml:28:22-69
uses-permission#android.permission.WRITE_CONTACTS
ADDED from src/main/AndroidManifest.xml:29:5-73
	android:name
		ADDED from src/main/AndroidManifest.xml:29:22-70
uses-permission#android.permission.READ_PHONE_STATE
ADDED from src/main/AndroidManifest.xml:30:5-75
	android:name
		ADDED from src/main/AndroidManifest.xml:30:22-72
uses-permission#android.permission.PROCESS_OUTGOING_CALLS
ADDED from src/main/AndroidManifest.xml:31:5-81
	android:name
		ADDED from src/main/AndroidManifest.xml:31:22-78
uses-permission#android.permission.CALL_PHONE
ADDED from src/main/AndroidManifest.xml:32:5-69
	android:name
		ADDED from src/main/AndroidManifest.xml:32:22-66
uses-permission#android.permission.RAISED_THREAD_PRIORITY
ADDED from src/main/AndroidManifest.xml:33:5-81
	android:name
		ADDED from src/main/AndroidManifest.xml:33:22-78
uses-feature#0x00020000
ADDED from src/main/AndroidManifest.xml:36:5-38:36
	android:glEsVersion
		ADDED from src/main/AndroidManifest.xml:37:9-41
	android:required
		ADDED from src/main/AndroidManifest.xml:38:9-33
uses-feature#android.hardware.camera
ADDED from src/main/AndroidManifest.xml:39:5-41:36
	android:required
		ADDED from src/main/AndroidManifest.xml:41:9-33
	android:name
		ADDED from src/main/AndroidManifest.xml:40:9-47
uses-feature#android.hardware.audio.low_latency
ADDED from src/main/AndroidManifest.xml:42:5-44:36
	android:required
		ADDED from src/main/AndroidManifest.xml:44:9-33
	android:name
		ADDED from src/main/AndroidManifest.xml:43:9-58
uses-sdk
INJECTED from src/main/AndroidManifest.xml reason: use-sdk injection requested
INJECTED from src/main/AndroidManifest.xml
INJECTED from src/main/AndroidManifest.xml
INJECTED from src/main/AndroidManifest.xml
INJECTED from src/main/AndroidManifest.xml
	android:targetSdkVersion
		INJECTED from src/main/AndroidManifest.xml
		ADDED from src/main/AndroidManifest.xml
		INJECTED from src/main/AndroidManifest.xml
	android:minSdkVersion
		INJECTED from src/main/AndroidManifest.xml
		ADDED from src/main/AndroidManifest.xml
		INJECTED from src/main/AndroidManifest.xml